[2018-05-08 13:18:19 -0300] [2575] [INFO] Starting gunicorn 19.7.1
[2018-05-08 13:18:19 -0300] [2575] [INFO] Listening at: http://127.0.0.1:8000 (2575)
[2018-05-08 13:18:19 -0300] [2575] [INFO] Using worker: sync
[2018-05-08 13:18:19 -0300] [2586] [INFO] Booting worker with pid: 2586
[2018-05-08 13:18:19 -0300] [2587] [INFO] Booting worker with pid: 2587
[2018-05-08 13:18:19 -0300] [2591] [INFO] Booting worker with pid: 2591
[2018-05-08 13:18:19 -0300] [2596] [INFO] Booting worker with pid: 2596
[2018-05-08 13:18:19 -0300] [2598] [INFO] Booting worker with pid: 2598
[2018-05-08 13:18:19 -0300] [2600] [INFO] Booting worker with pid: 2600
Invalid HTTP_HOST header: 'marca.jujuy.gob.ar'. You may need to add 'marca.jujuy.gob.ar' to ALLOWED_HOSTS.
[2018-05-08 13:22:40 -0300] [2587] [INFO] Worker exiting (pid: 2587)
[2018-05-08 13:22:40 -0300] [2591] [INFO] Worker exiting (pid: 2591)
[2018-05-08 13:22:40 -0300] [2596] [INFO] Worker exiting (pid: 2596)
[2018-05-08 13:22:40 -0300] [2598] [INFO] Worker exiting (pid: 2598)
[2018-05-08 13:22:40 -0300] [2600] [INFO] Worker exiting (pid: 2600)
[2018-05-08 13:22:40 -0300] [2575] [INFO] Handling signal: term
[2018-05-08 13:22:40 -0300] [2586] [INFO] Worker exiting (pid: 2586)
[2018-05-08 13:22:40 -0300] [2575] [INFO] Shutting down: Master
[2018-05-08 13:22:42 -0300] [2838] [INFO] Starting gunicorn 19.7.1
[2018-05-08 13:22:42 -0300] [2838] [INFO] Listening at: http://127.0.0.1:8000 (2838)
[2018-05-08 13:22:42 -0300] [2838] [INFO] Using worker: sync
[2018-05-08 13:22:42 -0300] [2850] [INFO] Booting worker with pid: 2850
[2018-05-08 13:22:42 -0300] [2853] [INFO] Booting worker with pid: 2853
[2018-05-08 13:22:42 -0300] [2856] [INFO] Booting worker with pid: 2856
[2018-05-08 13:22:42 -0300] [2854] [INFO] Booting worker with pid: 2854
[2018-05-08 13:22:42 -0300] [2858] [INFO] Booting worker with pid: 2858
[2018-05-08 13:22:42 -0300] [2860] [INFO] Booting worker with pid: 2860
[2018-05-08 13:29:20 -0300] [2860] [INFO] Worker exiting (pid: 2860)
[2018-05-08 13:29:20 -0300] [2850] [INFO] Worker exiting (pid: 2850)
[2018-05-08 13:29:20 -0300] [2853] [INFO] Worker exiting (pid: 2853)
[2018-05-08 13:29:20 -0300] [2854] [INFO] Worker exiting (pid: 2854)
[2018-05-08 13:29:20 -0300] [2856] [INFO] Worker exiting (pid: 2856)
[2018-05-08 13:29:20 -0300] [2858] [INFO] Worker exiting (pid: 2858)
[2018-05-08 13:29:20 -0300] [2838] [INFO] Handling signal: term
[2018-05-08 13:29:20 -0300] [2838] [INFO] Shutting down: Master
[2018-05-08 13:29:22 -0300] [2961] [INFO] Starting gunicorn 19.7.1
[2018-05-08 13:29:22 -0300] [2961] [INFO] Listening at: http://127.0.0.1:8002 (2961)
[2018-05-08 13:29:22 -0300] [2961] [INFO] Using worker: sync
[2018-05-08 13:29:22 -0300] [2970] [INFO] Booting worker with pid: 2970
[2018-05-08 13:29:22 -0300] [2973] [INFO] Booting worker with pid: 2973
[2018-05-08 13:29:22 -0300] [2975] [INFO] Booting worker with pid: 2975
[2018-05-08 13:29:22 -0300] [2981] [INFO] Booting worker with pid: 2981
[2018-05-08 13:29:22 -0300] [2984] [INFO] Booting worker with pid: 2984
[2018-05-08 13:29:22 -0300] [2985] [INFO] Booting worker with pid: 2985
Invalid HTTP_HOST header: 'calendario.jujuy.gob.ar'. You may need to add 'calendario.jujuy.gob.ar' to ALLOWED_HOSTS.
Invalid HTTP_HOST header: 'calendario.jujuy.gob.ar'. You may need to add 'calendario.jujuy.gob.ar' to ALLOWED_HOSTS.
